<?xml version="1.0" encoding="UTF-8"?>
<!-- Generated by org.testng.reporters.JUnitReportReporter -->
<testsuite hostname="L-7097" failures="0" tests="2" name="Innomate.Automate" time="3.477" errors="0" timestamp="2023-05-06T18:21:22 PKT" skipped="0">
  <testcase classname="Innomate.Automate" name="driver" time="3.460"/>
  <system-out/>
  <testcase classname="Innomate.Automate" name="beforeTest" time="0.017"/>
  <system-out/>
</testsuite> <!-- Innomate.Automate -->
